

***********************************************************************
Fatal NI connect error 12560, connecting to:
 (DESCRIPTION=(ADDRESS=(PROTOCOL=TCP)(HOST=192.168.1.2)(PORT=1556))(CONNECT_DATA=(SERVER=DEDICATED)(SERVICE_NAME=tpjdbprd)(CID=(PROGRAM=c:\des_10g\bin\sqlplus.exe)(HOST=GUILBERT)(USER=oracle))))

  VERSION INFORMATION:
	TNS for 32-bit Windows: Version 9.0.1.4.0 - Production
	Windows NT TCP/IP NT Protocol Adapter for 32-bit Windows: Version 9.0.1.4.0 - Production
  Time: 18-NOV-2008 15:55:07
  Tracing not turned on.
  Tns error struct:
    nr err code: 0
    ns main err code: 12560
    TNS-12560: TNS:protocol adapter error
    ns secondary err code: 0
    nt main err code: 538
    TNS-00538: Message 538 not found;  product=NETWORK; facility=TNS

    nt secondary err code: 65
    nt OS err code: 0


***********************************************************************
Fatal NI connect error 12560, connecting to:
 (DESCRIPTION=(ADDRESS=(PROTOCOL=BEQ)(PROGRAM=oracle)(ARGV0=oracleORCL)(ARGS='(DESCRIPTION=(LOCAL=YES)(ADDRESS=(PROTOCOL=beq)))'))(CONNECT_DATA=(SID=ORCL)(CID=(PROGRAM=c:\des_81\bin\EXP.EXE)(HOST=GUILBERT)(USER=oracle))))

  VERSION INFORMATION:
	TNS for 32-bit Windows: Version 8.1.6.0.0 - Production
	Oracle Bequeath NT Protocol Adapter for 32-bit Windows: Version 8.1.6.0.0 - Production
  Time: 16-DEC-2008 14:45:49
  Tracing not turned on.
  Tns error struct:
    nr err code: 0
    ns main err code: 12560
    TNS-12560: Message 12560 not found; No message file for product=NETWORK, facility=TNS
    ns secondary err code: 0
    nt main err code: 530
    TNS-00530: Message 530 not found; No message file for product=NETWORK, facility=TNS
    nt secondary err code: 2
    nt OS err code: 0


***********************************************************************
Fatal NI connect error 12560, connecting to:
 (DESCRIPTION=(ADDRESS=(PROTOCOL=BEQ)(PROGRAM=oracle)(ARGV0=oracleORCL)(ARGS='(DESCRIPTION=(LOCAL=YES)(ADDRESS=(PROTOCOL=beq)))'))(CONNECT_DATA=(SID=ORCL)(CID=(PROGRAM=c:\des_81\bin\EXP.EXE)(HOST=GUILBERT)(USER=oracle))))

  VERSION INFORMATION:
	TNS for 32-bit Windows: Version 8.1.6.0.0 - Production
	Oracle Bequeath NT Protocol Adapter for 32-bit Windows: Version 8.1.6.0.0 - Production
  Time: 16-DEC-2008 14:45:49
  Tracing not turned on.
  Tns error struct:
    nr err code: 0
    ns main err code: 12560
    TNS-12560: Message 12560 not found; No message file for product=NETWORK, facility=TNS
    ns secondary err code: 0
    nt main err code: 530
    TNS-00530: Message 530 not found; No message file for product=NETWORK, facility=TNS
    nt secondary err code: 2
    nt OS err code: 0


***********************************************************************
Fatal NI connect error 12543, connecting to:
 (DESCRIPTION=(ADDRESS=(PROTOCOL=TCP)(HOST=192.168.1.2)(PORT=1556))(CONNECT_DATA=(SERVER=DEDICATED)(SERVICE_NAME=tpjnew)(CID=(PROGRAM=c:\des_10g\bin\sqlplus.exe)(HOST=GUILBERT)(USER=oracle))))

  VERSION INFORMATION:
	TNS for 32-bit Windows: Version 9.0.1.4.0 - Production
	Windows NT TCP/IP NT Protocol Adapter for 32-bit Windows: Version 9.0.1.4.0 - Production
  Time: 16-DEC-2008 15:29:07
  Tracing not turned on.
  Tns error struct:
    nr err code: 0
    ns main err code: 12543
    TNS-12543: TNS:destination host unreachable
    ns secondary err code: 12560
    nt main err code: 513
    TNS-00513: Destination host unreachable
    nt secondary err code: 51
    nt OS err code: 0


***********************************************************************
Fatal NI connect error 12560, connecting to:
 (DESCRIPTION=(ADDRESS=(PROTOCOL=BEQ)(PROGRAM=oracle)(ARGV0=oracleORCL)(ARGS='(DESCRIPTION=(LOCAL=YES)(ADDRESS=(PROTOCOL=beq)))'))(CONNECT_DATA=(SID=ORCL)(CID=(PROGRAM=c:\des_10g\bin\sqlplus.exe)(HOST=GUILBERT)(USER=oracle))))

  VERSION INFORMATION:
	TNS for 32-bit Windows: Version 9.0.1.4.0 - Production
	Oracle Bequeath NT Protocol Adapter for 32-bit Windows: Version 9.0.1.4.0 - Production
  Time: 16-DEC-2008 15:29:28
  Tracing not turned on.
  Tns error struct:
    nr err code: 0
    ns main err code: 12560
    TNS-12560: TNS:protocol adapter error
    ns secondary err code: 0
    nt main err code: 530
    TNS-00530: Protocol adapter error
    nt secondary err code: 2
    nt OS err code: 0


***********************************************************************
Fatal NI connect error 12560, connecting to:
 (DESCRIPTION=(ADDRESS=(PROTOCOL=BEQ)(PROGRAM=oracle)(ARGV0=oracleORCL)(ARGS='(DESCRIPTION=(LOCAL=YES)(ADDRESS=(PROTOCOL=beq)))'))(CONNECT_DATA=(SID=ORCL)(CID=(PROGRAM=c:\des_10g\bin\sqlplus.exe)(HOST=GUILBERT)(USER=oracle))))

  VERSION INFORMATION:
	TNS for 32-bit Windows: Version 9.0.1.4.0 - Production
	Oracle Bequeath NT Protocol Adapter for 32-bit Windows: Version 9.0.1.4.0 - Production
  Time: 16-DEC-2008 15:29:28
  Tracing not turned on.
  Tns error struct:
    nr err code: 0
    ns main err code: 12560
    TNS-12560: TNS:protocol adapter error
    ns secondary err code: 0
    nt main err code: 530
    TNS-00530: Protocol adapter error
    nt secondary err code: 2
    nt OS err code: 0


***********************************************************************
Fatal NI connect error 12543, connecting to:
 (DESCRIPTION=(ADDRESS=(PROTOCOL=TCP)(HOST=192.168.1.2)(PORT=1556))(CONNECT_DATA=(SERVER=DEDICATED)(SERVICE_NAME=tpjnew)(CID=(PROGRAM=c:\des_10g\bin\sqlplus.exe)(HOST=GUILBERT)(USER=oracle))))

  VERSION INFORMATION:
	TNS for 32-bit Windows: Version 9.0.1.4.0 - Production
	Windows NT TCP/IP NT Protocol Adapter for 32-bit Windows: Version 9.0.1.4.0 - Production
  Time: 16-DEC-2008 15:30:19
  Tracing not turned on.
  Tns error struct:
    nr err code: 0
    ns main err code: 12543
    TNS-12543: TNS:destination host unreachable
    ns secondary err code: 12560
    nt main err code: 513
    TNS-00513: Destination host unreachable
    nt secondary err code: 51
    nt OS err code: 0


***********************************************************************
Fatal NI connect error 12545, connecting to:
 (DESCRIPTION=(ADDRESS=(PROTOCOL=TCP)(HOST=dbserver)(PORT=1556))(CONNECT_DATA=(SID=tpjnew)(CID=(PROGRAM=c:\des_10g\bin\sqlplus.exe)(HOST=GUILBERT)(USER=oracle))))

  VERSION INFORMATION:
	TNS for 32-bit Windows: Version 9.0.1.4.0 - Production
	Windows NT TCP/IP NT Protocol Adapter for 32-bit Windows: Version 9.0.1.4.0 - Production
  Time: 13-AUG-2009 10:49:56
  Tracing not turned on.
  Tns error struct:
    nr err code: 0
    ns main err code: 12545
    TNS-12545: Connect failed because target host or object does not exist
    ns secondary err code: 12560
    nt main err code: 515
    TNS-00515: Connect failed because target host or object does not exist
    nt secondary err code: 1001
    nt OS err code: 0


***********************************************************************
Fatal NI connect error 12545, connecting to:
 (DESCRIPTION=(ADDRESS=(PROTOCOL=TCP)(HOST=dbserver)(PORT=1556))(CONNECT_DATA=(SID=tpjnew)(CID=(PROGRAM=c:\des_10g\bin\sqlplus.exe)(HOST=GUILBERT)(USER=oracle))))

  VERSION INFORMATION:
	TNS for 32-bit Windows: Version 9.0.1.4.0 - Production
	Windows NT TCP/IP NT Protocol Adapter for 32-bit Windows: Version 9.0.1.4.0 - Production
  Time: 13-AUG-2009 10:50:08
  Tracing not turned on.
  Tns error struct:
    nr err code: 0
    ns main err code: 12545
    TNS-12545: Connect failed because target host or object does not exist
    ns secondary err code: 12560
    nt main err code: 515
    TNS-00515: Connect failed because target host or object does not exist
    nt secondary err code: 1001
    nt OS err code: 0


***********************************************************************
Fatal NI connect error 12545, connecting to:
 (DESCRIPTION=(ADDRESS=(PROTOCOL=TCP)(HOST=dbserver)(PORT=1556))(CONNECT_DATA=(SID=tpjnew)(CID=(PROGRAM=c:\des_10g\bin\sqlplus.exe)(HOST=GUILBERT)(USER=oracle))))

  VERSION INFORMATION:
	TNS for 32-bit Windows: Version 9.0.1.4.0 - Production
	Windows NT TCP/IP NT Protocol Adapter for 32-bit Windows: Version 9.0.1.4.0 - Production
  Time: 13-AUG-2009 10:51:05
  Tracing not turned on.
  Tns error struct:
    nr err code: 0
    ns main err code: 12545
    TNS-12545: Connect failed because target host or object does not exist
    ns secondary err code: 12560
    nt main err code: 515
    TNS-00515: Connect failed because target host or object does not exist
    nt secondary err code: 1001
    nt OS err code: 0


***********************************************************************
Fatal NI connect error 12560, connecting to:
 (DESCRIPTION=(ADDRESS=(PROTOCOL=BEQ)(PROGRAM=oracle)(ARGV0=oracleORCL)(ARGS='(DESCRIPTION=(LOCAL=YES)(ADDRESS=(PROTOCOL=beq)))'))(CONNECT_DATA=(SID=ORCL)(CID=(PROGRAM=C:\DevSuiteHome\bin\sqlplus.exe)(HOST=GUILBERT)(USER=oracle))))

  VERSION INFORMATION:
	TNS for 32-bit Windows: Version 10.1.0.4.0 - Production
	Oracle Bequeath NT Protocol Adapter for 32-bit Windows: Version 10.1.0.4.0 - Production
  Time: 04-MAR-2010 20:21:48
  Tracing not turned on.
  Tns error struct:
    ns main err code: 12560
    TNS-12560: TNS:protocol adapter error
    ns secondary err code: 0
    nt main err code: 530
    TNS-00530: Protocol adapter error
    nt secondary err code: 126
    nt OS err code: 0


***********************************************************************
Fatal NI connect error 12560, connecting to:
 (DESCRIPTION=(ADDRESS=(PROTOCOL=BEQ)(PROGRAM=oracle)(ARGV0=oracleORCL)(ARGS='(DESCRIPTION=(LOCAL=YES)(ADDRESS=(PROTOCOL=beq)))'))(CONNECT_DATA=(SID=ORCL)(CID=(PROGRAM=C:\DevSuiteHome\bin\sqlplus.exe)(HOST=GUILBERT)(USER=oracle))))

  VERSION INFORMATION:
	TNS for 32-bit Windows: Version 10.1.0.4.0 - Production
	Oracle Bequeath NT Protocol Adapter for 32-bit Windows: Version 10.1.0.4.0 - Production
  Time: 04-MAR-2010 20:21:49
  Tracing not turned on.
  Tns error struct:
    ns main err code: 12560
    TNS-12560: TNS:protocol adapter error
    ns secondary err code: 0
    nt main err code: 530
    TNS-00530: Protocol adapter error
    nt secondary err code: 126
    nt OS err code: 0
